
============================================================
  QRMA CSV Exporter v2  (parser_v3)
============================================================
  PDF      : F:\TeleTCM_Project\qrma_single\QRMA_Ridwan_November_21.pdf
  Mappings : F:\TeleTCM_Project\qrma_single\03_Scripts\mappings.json
============================================================

[1/3] Parsing PDF (parameters + Referensi Standar)...
      Patient    : ridwan
      Age        : 40  |  Gender: male
      Test date  : 10/11/2025 17:01
      Parameters extracted       : 253
      Ref Standard entries found : 214

  Output   : F:\TeleTCM_Project\qrma_single\01_Data\csv\ridwan_2025-11-10.csv

[2/3] Loading mappings...
      Mapping entries loaded: 99

[3/3] Applying mappings + zone derivation, writing CSV...
[+] CSV row written -> F:\TeleTCM_Project\qrma_single\01_Data\csv\ridwan_2025-11-10.csv
[!] 2 warning(s) — see 'warnings' column in CSV.
    -> PDF PARAMETERS WITH NO MAPPING (161): Koefisien Tekanan Intraluminal | Fungsi Detoksifikasi | Fungsi Sekresi Empedu | Kandungan Lemak Hati | Serum Globulin (A/G) | Bilirubin Total (TBIL) | Alkali Phosfat (ALP) | Jumlah Cairan Empedu (TBA) | Bilirubin (DBIL) | Insulin | Polipeptida Pankreas (PP) | Glukagon | Kadar Urobilinogen | Indeks Urea Nitrogen Dalam Darah | Kapasitas Total Paru TLC | Tahanan Jalan Napas RAM | Tekanan Parsial CO2 dalam darah Arteri Paru | Arteriosklerosis Pembuluh Darah Otak | Fungsi Saraf Otak | Tingkat Sentimen | Indeks Memori (ZS) | Ukuran Penonjolan Serabut Saraf Di tulang belakang | Tingkat Perlekatan Otot Bahu | Batas Kekakuan | Umur Ligamen | Jumlah Kehilangan Kalsium | Tingkat Penebalan Tulang | Tingkat Pengeroposan Tulang | Kadar Mineral Tulang | Tingkat Pengapuran Tulang Leher | Tingkat Pengapuran Tulang Belakang | Kofisien Penebalan Tulang | Kofisien Osteoporosis | Kofisien Rematik | Alkalin Pospat Tulang | Osteocalcin | Tingkat Penyembuhan Pada Tulang Panjang | Tingkat Penyembuhan Pada Tulang Pendek | Garis Epifiseal | Kalsium | Zat besi | Tembaga | Kobalt | Mangan | Nikel | Fluor | Molibden | Vanadium | Timah | Strontium | Boron | Vitamin B2 | Vitamin B3 | Vitamin B12 | Vitamin K | Treonin | Isoleucine | Leucine | Valine | Nicotinamide | Biotin | Asam Pantotenat | Asam linoleat | α-Asam linolenat | γ-Asam linolenat | Asam arakidonat | Kadar Kelenjar Tiroid | Tingkat Sekresi Hormon Paratiroid | Tingkat Sekresi Kelenjar Adrenal | Tingkat Sekresi Kelenjar Pituitari | Tingkat Sekresi Kelenjar Pineal | Tingkat Sekresi Kelenjar Timus | Tingkat Sekresi Kelenjar Gonad | Index Sistem Imun Dalam Tonsil | Index Sumsum Tulang | Indeks Limpa | Indeks Timus | Indeks Immunoglobulin | Tingkat Kekebalan Pada Sistem Pernafasan | Tingkat Kekebalan Pada Sistem Pencernaan | Tingkat Kekebalan Pada Mukosa | Tiroksin bebas (FT4) | Tiroglobulin | Antibodi anti- tiroglobulin | Tiga triiodothyronine (T3) | Radiasi Elektromagnetik | Antimoni | Thallium | Aluminium | Tingkat Alergi Obat | Tingkat Alergi Terhadap Asap Rokok | Tingkat Alergi Terhadap Pewarna Rambut | Tingkat Alergi Terhadap Bulu Binatang | Tingkat Alergi Bahan Perhiasan Perak | Tingkat Alergi Terhadap Makanan Laut | Tingkat Alergi Terhadap Susu | Koefisien Ketidakseimbangan Metabolisme lemak | Koefisien Ketidakseimbangan jaringan adipose coklat | Koefisien Hyperinsulinemia | Koefisien Ketidakseimbangan Nukleus di Hipotalamus | Koefisien Ketidakseimbangan Kandungan Trigliserida | Tingkat Kekebalan Dikulit | Tingkat Jejak Darah Pada Kulit | Kerutan Kolagen Sekitar Mata | Lingkaran Hitam Sekitar Mata | Sumbatan Pembuluh Getah Bening | Kulit Mata Kendur | Pembengkakan | Aktifitas Sel Mata | Kelelahan visual | Gigi | Rambut dan Kulit | Sistem Endokrin | Sistem Sirkulasi | Sistem Pergerakan | Jaringan Otot | Detoksifikasi dan Metabolisme | Sistem Reproduksi | Sistem Saraf | Skeleton | Tangan Tai Lung Yin Meridian | Tangan Yangming Meridian Usus Besar | Foot Tai Lung Yin Meridian | Tangan Shao Yin Sutra Hati | Tangan usus kecil oleh matahari | Kandung kemih matahari penuh | Kaki Shao Yin Ginjal | Perikardium oleh | Tangan-Shaoyang tiga burner | kaki Empedu | Kaki Hati Jue Yin | Jen mai | Gubernur meridian | Vital meridian | Tai mai | Indeks Strok | Volume Strok(SV) | Hambatan Jantung Periferal (TRR) | Koefisien Gelombang Denyut Nadi | Saturasi Oksigen Dalam Darah Di Pembuluh Darah Otak | Volume Oksigen Dalam Darah Di Pembuluh Darah Otak | Tekanan Oksigen Dalam Darah Di Pembuluh Darah Otak | High-density lipoprotein (HDL-C) | Low-density lipoprotein (LDL-C) | Lemak Meutral | Kompleks Peredaran Imun | Tingkat Pembesaran Kelenjar Prostat | Tingkat Pengapuran Prostat | Gejala Radang Prostat | Hormon Testosteron | Hormon Gonadotropin | Transmitter Ereksi | Volume Air Mani | Waktu Pencairan | Jumlah Sperma | Tingkat Pergerakan Sperma | Fungsi Saluran Pencernaan | Fungsi Kantung Empedu | Fungsi Pankreas | Fungsi Paru | Asam Amino
    -> DASHBOARD FIELDS NOT POPULATED (4): cj | mt-bmi | mt-wc | sk-jc

============================================================
  Done.
  Dashboard fields populated  : 60
  Fields with zone data       : 60 / 60
  Unmapped PDF parameters     : 161
  Warnings                    : 2
  Output written to           : F:\TeleTCM_Project\qrma_single\01_Data\csv\ridwan_2025-11-10.csv
============================================================

Warnings:
  -> PDF PARAMETERS WITH NO MAPPING (161): Koefisien Tekanan Intraluminal | Fungsi Detoksifikasi | Fungsi Sekresi Empedu | Kandungan Lemak Hati | Serum Globulin (A/G) | Bilirubin Total (TBIL) | Alkali Phosfat (ALP) | Jumlah Cairan Empedu (TBA) | Bilirubin (DBIL) | Insulin | Polipeptida Pankreas (PP) | Glukagon | Kadar Urobilinogen | Indeks Urea Nitrogen Dalam Darah | Kapasitas Total Paru TLC | Tahanan Jalan Napas RAM | Tekanan Parsial CO2 dalam darah Arteri Paru | Arteriosklerosis Pembuluh Darah Otak | Fungsi Saraf Otak | Tingkat Sentimen | Indeks Memori (ZS) | Ukuran Penonjolan Serabut Saraf Di tulang belakang | Tingkat Perlekatan Otot Bahu | Batas Kekakuan | Umur Ligamen | Jumlah Kehilangan Kalsium | Tingkat Penebalan Tulang | Tingkat Pengeroposan Tulang | Kadar Mineral Tulang | Tingkat Pengapuran Tulang Leher | Tingkat Pengapuran Tulang Belakang | Kofisien Penebalan Tulang | Kofisien Osteoporosis | Kofisien Rematik | Alkalin Pospat Tulang | Osteocalcin | Tingkat Penyembuhan Pada Tulang Panjang | Tingkat Penyembuhan Pada Tulang Pendek | Garis Epifiseal | Kalsium | Zat besi | Tembaga | Kobalt | Mangan | Nikel | Fluor | Molibden | Vanadium | Timah | Strontium | Boron | Vitamin B2 | Vitamin B3 | Vitamin B12 | Vitamin K | Treonin | Isoleucine | Leucine | Valine | Nicotinamide | Biotin | Asam Pantotenat | Asam linoleat | α-Asam linolenat | γ-Asam linolenat | Asam arakidonat | Kadar Kelenjar Tiroid | Tingkat Sekresi Hormon Paratiroid | Tingkat Sekresi Kelenjar Adrenal | Tingkat Sekresi Kelenjar Pituitari | Tingkat Sekresi Kelenjar Pineal | Tingkat Sekresi Kelenjar Timus | Tingkat Sekresi Kelenjar Gonad | Index Sistem Imun Dalam Tonsil | Index Sumsum Tulang | Indeks Limpa | Indeks Timus | Indeks Immunoglobulin | Tingkat Kekebalan Pada Sistem Pernafasan | Tingkat Kekebalan Pada Sistem Pencernaan | Tingkat Kekebalan Pada Mukosa | Tiroksin bebas (FT4) | Tiroglobulin | Antibodi anti- tiroglobulin | Tiga triiodothyronine (T3) | Radiasi Elektromagnetik | Antimoni | Thallium | Aluminium | Tingkat Alergi Obat | Tingkat Alergi Terhadap Asap Rokok | Tingkat Alergi Terhadap Pewarna Rambut | Tingkat Alergi Terhadap Bulu Binatang | Tingkat Alergi Bahan Perhiasan Perak | Tingkat Alergi Terhadap Makanan Laut | Tingkat Alergi Terhadap Susu | Koefisien Ketidakseimbangan Metabolisme lemak | Koefisien Ketidakseimbangan jaringan adipose coklat | Koefisien Hyperinsulinemia | Koefisien Ketidakseimbangan Nukleus di Hipotalamus | Koefisien Ketidakseimbangan Kandungan Trigliserida | Tingkat Kekebalan Dikulit | Tingkat Jejak Darah Pada Kulit | Kerutan Kolagen Sekitar Mata | Lingkaran Hitam Sekitar Mata | Sumbatan Pembuluh Getah Bening | Kulit Mata Kendur | Pembengkakan | Aktifitas Sel Mata | Kelelahan visual | Gigi | Rambut dan Kulit | Sistem Endokrin | Sistem Sirkulasi | Sistem Pergerakan | Jaringan Otot | Detoksifikasi dan Metabolisme | Sistem Reproduksi | Sistem Saraf | Skeleton | Tangan Tai Lung Yin Meridian | Tangan Yangming Meridian Usus Besar | Foot Tai Lung Yin Meridian | Tangan Shao Yin Sutra Hati | Tangan usus kecil oleh matahari | Kandung kemih matahari penuh | Kaki Shao Yin Ginjal | Perikardium oleh | Tangan-Shaoyang tiga burner | kaki Empedu | Kaki Hati Jue Yin | Jen mai | Gubernur meridian | Vital meridian | Tai mai | Indeks Strok | Volume Strok(SV) | Hambatan Jantung Periferal (TRR) | Koefisien Gelombang Denyut Nadi | Saturasi Oksigen Dalam Darah Di Pembuluh Darah Otak | Volume Oksigen Dalam Darah Di Pembuluh Darah Otak | Tekanan Oksigen Dalam Darah Di Pembuluh Darah Otak | High-density lipoprotein (HDL-C) | Low-density lipoprotein (LDL-C) | Lemak Meutral | Kompleks Peredaran Imun | Tingkat Pembesaran Kelenjar Prostat | Tingkat Pengapuran Prostat | Gejala Radang Prostat | Hormon Testosteron | Hormon Gonadotropin | Transmitter Ereksi | Volume Air Mani | Waktu Pencairan | Jumlah Sperma | Tingkat Pergerakan Sperma | Fungsi Saluran Pencernaan | Fungsi Kantung Empedu | Fungsi Pankreas | Fungsi Paru | Asam Amino
  -> DASHBOARD FIELDS NOT POPULATED (4): cj | mt-bmi | mt-wc | sk-jc

PDF parameters with no mapping entry (161):
  - Koefisien Tekanan Intraluminal
  - Fungsi Detoksifikasi
  - Fungsi Sekresi Empedu
  - Kandungan Lemak Hati
  - Serum Globulin (A/G)
  - Bilirubin Total (TBIL)
  - Alkali Phosfat (ALP)
  - Jumlah Cairan Empedu (TBA)
  - Bilirubin (DBIL)
  - Insulin
  - Polipeptida Pankreas (PP)
  - Glukagon
  - Kadar Urobilinogen
  - Indeks Urea Nitrogen Dalam Darah
  - Kapasitas Total Paru TLC
  - Tahanan Jalan Napas RAM
  - Tekanan Parsial CO2 dalam darah Arteri Paru
  - Arteriosklerosis Pembuluh Darah Otak
  - Fungsi Saraf Otak
  - Tingkat Sentimen
  - Indeks Memori (ZS)
  - Ukuran Penonjolan Serabut Saraf Di tulang belakang
  - Tingkat Perlekatan Otot Bahu
  - Batas Kekakuan
  - Umur Ligamen
  - Jumlah Kehilangan Kalsium
  - Tingkat Penebalan Tulang
  - Tingkat Pengeroposan Tulang
  - Kadar Mineral Tulang
  - Tingkat Pengapuran Tulang Leher
  - Tingkat Pengapuran Tulang Belakang
  - Kofisien Penebalan Tulang
  - Kofisien Osteoporosis
  - Kofisien Rematik
  - Alkalin Pospat Tulang
  - Osteocalcin
  - Tingkat Penyembuhan Pada Tulang Panjang
  - Tingkat Penyembuhan Pada Tulang Pendek
  - Garis Epifiseal
  - Kalsium
  - Zat besi
  - Tembaga
  - Kobalt
  - Mangan
  - Nikel
  - Fluor
  - Molibden
  - Vanadium
  - Timah
  - Strontium
  - Boron
  - Vitamin B2
  - Vitamin B3
  - Vitamin B12
  - Vitamin K
  - Treonin
  - Isoleucine
  - Leucine
  - Valine
  - Nicotinamide
  - Biotin
  - Asam Pantotenat
  - Asam linoleat
  - α-Asam linolenat
  - γ-Asam linolenat
  - Asam arakidonat
  - Kadar Kelenjar Tiroid
  - Tingkat Sekresi Hormon Paratiroid
  - Tingkat Sekresi Kelenjar Adrenal
  - Tingkat Sekresi Kelenjar Pituitari
  - Tingkat Sekresi Kelenjar Pineal
  - Tingkat Sekresi Kelenjar Timus
  - Tingkat Sekresi Kelenjar Gonad
  - Index Sistem Imun Dalam Tonsil
  - Index Sumsum Tulang
  - Indeks Limpa
  - Indeks Timus
  - Indeks Immunoglobulin
  - Tingkat Kekebalan Pada Sistem Pernafasan
  - Tingkat Kekebalan Pada Sistem Pencernaan
  - Tingkat Kekebalan Pada Mukosa
  - Tiroksin bebas (FT4)
  - Tiroglobulin
  - Antibodi anti- tiroglobulin
  - Tiga triiodothyronine (T3)
  - Radiasi Elektromagnetik
  - Antimoni
  - Thallium
  - Aluminium
  - Tingkat Alergi Obat
  - Tingkat Alergi Terhadap Asap Rokok
  - Tingkat Alergi Terhadap Pewarna Rambut
  - Tingkat Alergi Terhadap Bulu Binatang
  - Tingkat Alergi Bahan Perhiasan Perak
  - Tingkat Alergi Terhadap Makanan Laut
  - Tingkat Alergi Terhadap Susu
  - Koefisien Ketidakseimbangan Metabolisme lemak
  - Koefisien Ketidakseimbangan jaringan adipose coklat
  - Koefisien Hyperinsulinemia
  - Koefisien Ketidakseimbangan Nukleus di Hipotalamus
  - Koefisien Ketidakseimbangan Kandungan Trigliserida
  - Tingkat Kekebalan Dikulit
  - Tingkat Jejak Darah Pada Kulit
  - Kerutan Kolagen Sekitar Mata
  - Lingkaran Hitam Sekitar Mata
  - Sumbatan Pembuluh Getah Bening
  - Kulit Mata Kendur
  - Pembengkakan
  - Aktifitas Sel Mata
  - Kelelahan visual
  - Gigi
  - Rambut dan Kulit
  - Sistem Endokrin
  - Sistem Sirkulasi
  - Sistem Pergerakan
  - Jaringan Otot
  - Detoksifikasi dan Metabolisme
  - Sistem Reproduksi
  - Sistem Saraf
  - Skeleton
  - Tangan Tai Lung Yin Meridian
  - Tangan Yangming Meridian Usus Besar
  - Foot Tai Lung Yin Meridian
  - Tangan Shao Yin Sutra Hati
  - Tangan usus kecil oleh matahari
  - Kandung kemih matahari penuh
  - Kaki Shao Yin Ginjal
  - Perikardium oleh
  - Tangan-Shaoyang tiga burner
  - kaki Empedu
  - Kaki Hati Jue Yin
  - Jen mai
  - Gubernur meridian
  - Vital meridian
  - Tai mai
  - Indeks Strok
  - Volume Strok(SV)
  - Hambatan Jantung Periferal (TRR)
  - Koefisien Gelombang Denyut Nadi
  - Saturasi Oksigen Dalam Darah Di Pembuluh Darah Otak
  - Volume Oksigen Dalam Darah Di Pembuluh Darah Otak
  - Tekanan Oksigen Dalam Darah Di Pembuluh Darah Otak
  - High-density lipoprotein (HDL-C)
  - Low-density lipoprotein (LDL-C)
  - Lemak Meutral
  - Kompleks Peredaran Imun
  - Tingkat Pembesaran Kelenjar Prostat
  - Tingkat Pengapuran Prostat
  - Gejala Radang Prostat
  - Hormon Testosteron
  - Hormon Gonadotropin
  - Transmitter Ereksi
  - Volume Air Mani
  - Waktu Pencairan
  - Jumlah Sperma
  - Tingkat Pergerakan Sperma
  - Fungsi Saluran Pencernaan
  - Fungsi Kantung Empedu
  - Fungsi Pankreas
  - Fungsi Paru
  - Asam Amino

